<?xml version="1.0" encoding="UTF-8"?>
<testsuite xmlns:xsi="http://www.w3.org/2001/XMLSchema-instance" xsi:noNamespaceSchemaLocation="https://maven.apache.org/surefire/maven-surefire-plugin/xsd/surefire-test-report.xsd" version="3.0.2" name="com.jobdesk.domain.UserTokenPreservationTest" time="0.271" tests="1" errors="0" skipped="0" failures="0">
  <properties>
[...]
</properties>
  <testcase name="savingUserWithWrongKeyDoesNotWipeEncryptedToken" classname="com.jobdesk.domain.UserTokenPreservationTest" time="0.016">
    <system-out><![CDATA[2026-07-20T17:43:35.140Z  INFO 97 --- [jobdesk-backend] [           main] t.c.s.AnnotationConfigContextLoaderUtils : Could not detect default configuration classes for test class [com.jobdesk.domain.UserTokenPreservationTest]: UserTokenPreservationTest does not declare any static, non-private, non-final, nested classes annotated with @Configuration.
2026-07-20T17:43:35.151Z  INFO 97 --- [jobdesk-backend] [           main] .b.t.c.SpringBootTestContextBootstrapper : Found @SpringBootConfiguration com.jobdesk.JobdeskApplication for test class com.jobdesk.domain.UserTokenPreservationTest

  .   ____          _            __ _ _
 /\\ / ___'_ __ _ _(_)_ __  __ _ \ \ \ \
( ( )\___ | '_ | '_| | '_ \/ _` | \ \ \ \
 \\/  ___)| |_)| | | | | || (_| |  ) ) ) )
  '  |____| .__|_| |_|_| |_\__, | / / / /
 =========|_|==============|___/=/_/_/_/

 :: Spring Boot ::                (v3.4.1)

2026-07-20T17:43:35.172Z  INFO 97 --- [jobdesk-backend] [           main] c.j.domain.UserTokenPreservationTest     : Starting UserTokenPreservationTest using Java 21.0.11 with PID 97 (started by root in /app)
2026-07-20T17:43:35.172Z  INFO 97 --- [jobdesk-backend] [           main] c.j.domain.UserTokenPreservationTest     : The following 1 profile is active: "test"
2026-07-20T17:43:35.222Z  INFO 97 --- [jobdesk-backend] [           main] .s.d.r.c.RepositoryConfigurationDelegate : Bootstrapping Spring Data JPA repositories in DEFAULT mode.
2026-07-20T17:43:35.229Z  INFO 97 --- [jobdesk-backend] [           main] .s.d.r.c.RepositoryConfigurationDelegate : Finished Spring Data repository scanning in 5 ms. Found 3 JPA repository interfaces.
2026-07-20T17:43:35.236Z  INFO 97 --- [jobdesk-backend] [           main] beddedDataSourceBeanFactoryPostProcessor : Replacing 'dataSource' DataSource bean with embedded version
2026-07-20T17:43:35.247Z  INFO 97 --- [jobdesk-backend] [           main] o.s.j.d.e.EmbeddedDatabaseFactory        : Starting embedded database: url='jdbc:h2:mem:818e4d15-d1b6-4359-aba0-5cc77566c29d;DB_CLOSE_DELAY=-1;DB_CLOSE_ON_EXIT=false', username='sa'
2026-07-20T17:43:35.257Z  INFO 97 --- [jobdesk-backend] [           main] o.hibernate.jpa.internal.util.LogHelper  : HHH000204: Processing PersistenceUnitInfo [name: default]
2026-07-20T17:43:35.258Z  INFO 97 --- [jobdesk-backend] [           main] o.h.c.internal.RegionFactoryInitiator    : HHH000026: Second-level cache disabled
2026-07-20T17:43:35.263Z  INFO 97 --- [jobdesk-backend] [           main] o.s.o.j.p.SpringPersistenceUnitInfo      : No LoadTimeWeaver setup: ignoring JPA class transformer
2026-07-20T17:43:35.264Z  WARN 97 --- [jobdesk-backend] [           main] org.hibernate.orm.deprecation            : HHH90000025: H2Dialect does not need to be specified explicitly using 'hibernate.dialect' (remove the property setting and it will be selected by default)
2026-07-20T17:43:35.264Z  INFO 97 --- [jobdesk-backend] [           main] org.hibernate.orm.connections.pooling    : HHH10001005: Database info:
	Database JDBC URL [Connecting through datasource 'org.springframework.jdbc.datasource.embedded.EmbeddedDatabaseFactory$EmbeddedDataSourceProxy@33ce766b']
	Database driver: undefined/unknown
	Database version: 2.3.232
	Autocommit mode: undefined/unknown
	Isolation level: undefined/unknown
	Minimum pool size: undefined/unknown
	Maximum pool size: undefined/unknown
2026-07-20T17:43:35.344Z  INFO 97 --- [jobdesk-backend] [           main] o.h.e.t.j.p.i.JtaPlatformInitiator       : HHH000489: No JTA platform available (set 'hibernate.transaction.jta.platform' to enable JTA platform integration)
Hibernate: drop table if exists application cascade 
Hibernate: drop table if exists contact cascade 
Hibernate: drop table if exists mail_scan cascade 
Hibernate: drop table if exists status_history cascade 
Hibernate: drop table if exists "user" cascade 
Hibernate: create table application (applied_at timestamp(6), created_at timestamp(6) not null, updated_at timestamp(6) not null, id uuid not null, user_id uuid not null, salary_range varchar(100), job_url varchar(2048), company_name varchar(255) not null, job_description text, job_title varchar(255) not null, location varchar(255), notes text, source varchar(255) not null, contract_type enum ('ALTERNANCE','CDD','CDI','FREELANCE','INTERNSHIP','OTHER'), status enum ('ABANDONED','APPLIED','DRAFT','INTERVIEW','OFFER','REFUSED','RELAUNCH','WAITING') not null, primary key (id))
Hibernate: create table contact (application_id uuid not null, id uuid not null, email varchar(255), name varchar(255) not null, notes text, role varchar(255), primary key (id))
Hibernate: create table mail_scan (mails_analyzed integer, matches_found integer, scanned_at timestamp(6) not null, id uuid not null, user_id uuid not null, status varchar(20) not null, error_message text, primary key (id))
Hibernate: create table status_history (changed_at timestamp(6) not null, application_id uuid not null, id uuid not null, trigger varchar(20) not null, notes text, new_status enum ('ABANDONED','APPLIED','DRAFT','INTERVIEW','OFFER','REFUSED','RELAUNCH','WAITING') not null, previous_status enum ('ABANDONED','APPLIED','DRAFT','INTERVIEW','OFFER','REFUSED','RELAUNCH','WAITING'), primary key (id))
Hibernate: create table "user" (created_at timestamp(6) not null, last_mail_scan_at timestamp(6), updated_at timestamp(6) not null, id uuid not null, avatar_url varchar(500), email varchar(255) not null unique, gmail_refresh_token text, gmail_token text, google_token text, name varchar(255) not null, primary key (id))
Hibernate: alter table if exists application add constraint FKcobm46kh7n2kb2bi0hsmgjpt5 foreign key (user_id) references "user"
Hibernate: alter table if exists contact add constraint FKjh3hg303foejf4yqsafp7fijs foreign key (application_id) references application
Hibernate: alter table if exists mail_scan add constraint FK2fetfv03pcs14j985bagmhcu9 foreign key (user_id) references "user"
Hibernate: alter table if exists status_history add constraint FKs689w5lh6642eylyn2ijnm7kt foreign key (application_id) references application
2026-07-20T17:43:35.358Z  INFO 97 --- [jobdesk-backend] [           main] j.LocalContainerEntityManagerFactoryBean : Initialized JPA EntityManagerFactory for persistence unit 'default'
2026-07-20T17:43:35.392Z  INFO 97 --- [jobdesk-backend] [           main] c.j.domain.UserTokenPreservationTest     : Started UserTokenPreservationTest in 0.239 seconds (process running for 5.85)
Hibernate: insert into "user" (avatar_url,created_at,email,gmail_refresh_token,gmail_token,google_token,last_mail_scan_at,name,updated_at,id) values (?,?,?,?,?,?,?,?,?,?)
Hibernate: select u1_0.id,u1_0.avatar_url,u1_0.created_at,u1_0.email,u1_0.gmail_refresh_token,u1_0.gmail_token,u1_0.google_token,u1_0.last_mail_scan_at,u1_0.name,u1_0.updated_at from "user" u1_0 where u1_0.id=?
Hibernate: update "user" set name=?,updated_at=? where id=?
Hibernate: select u1_0.id,u1_0.avatar_url,u1_0.created_at,u1_0.email,u1_0.gmail_refresh_token,u1_0.gmail_token,u1_0.google_token,u1_0.last_mail_scan_at,u1_0.name,u1_0.updated_at from "user" u1_0 where u1_0.id=?
]]></system-out>
  </testcase>
</testsuite>